d:\code\github\firstgold_pricecalculator\fgpc_main\firstgold_pricecalculator\x64\debug\firstgold_pricecalculator.pch.codeanalysis
d:\code\github\firstgold_pricecalculator\fgpc_main\firstgold_pricecalculator\x64\debug\vc141.pdb
d:\code\github\firstgold_pricecalculator\fgpc_main\firstgold_pricecalculator\x64\debug\vc141.idb
d:\code\github\firstgold_pricecalculator\fgpc_main\firstgold_pricecalculator\x64\debug\firstgold_pricecalculator.pch.codeanalysisast
d:\code\github\firstgold_pricecalculator\fgpc_main\firstgold_pricecalculator\x64\debug\stdafx.nativecodeanalysis.xml
d:\code\github\firstgold_pricecalculator\fgpc_main\firstgold_pricecalculator\x64\debug\stdafx.obj
d:\code\github\firstgold_pricecalculator\fgpc_main\firstgold_pricecalculator\x64\debug\jsoncpp.nativecodeanalysis.xml
d:\code\github\firstgold_pricecalculator\fgpc_main\firstgold_pricecalculator\x64\debug\jsoncpp.obj
d:\code\github\firstgold_pricecalculator\fgpc_main\firstgold_pricecalculator\x64\debug\settings.nativecodeanalysis.xml
d:\code\github\firstgold_pricecalculator\fgpc_main\firstgold_pricecalculator\x64\debug\settings.obj
d:\code\github\firstgold_pricecalculator\fgpc_main\firstgold_pricecalculator\x64\debug\versions.nativecodeanalysis.xml
d:\code\github\firstgold_pricecalculator\fgpc_main\firstgold_pricecalculator\x64\debug\versions.obj
d:\code\github\firstgold_pricecalculator\fgpc_main\firstgold_pricecalculator\x64\debug\versions_func.nativecodeanalysis.xml
d:\code\github\firstgold_pricecalculator\fgpc_main\firstgold_pricecalculator\x64\debug\versions_func.obj
d:\code\github\firstgold_pricecalculator\fgpc_main\firstgold_pricecalculator\x64\debug\settingtest.nativecodeanalysis.xml
d:\code\github\firstgold_pricecalculator\fgpc_main\firstgold_pricecalculator\x64\debug\settingtest.obj
d:\code\github\firstgold_pricecalculator\fgpc_main\firstgold_pricecalculator\x64\debug\nativecodeanalysis.read.1.tlog
d:\code\github\firstgold_pricecalculator\fgpc_main\firstgold_pricecalculator\x64\debug\vc.nativecodeanalysis.all.xml
d:\code\github\firstgold_pricecalculator\fgpc_main\firstgold_pricecalculator\x64\debug\firstgol.50019fd5.tlog\cl.command.1.tlog
d:\code\github\firstgold_pricecalculator\fgpc_main\firstgold_pricecalculator\x64\debug\firstgol.50019fd5.tlog\cl.read.1.tlog
d:\code\github\firstgold_pricecalculator\fgpc_main\firstgold_pricecalculator\x64\debug\firstgol.50019fd5.tlog\cl.write.1.tlog
